ERROR [com.zaxxer.hikari.pool.HikariPool] at com.mysql.cj.jdbc.exceptions.SQLError.createCommunicationsException(SQLError.java:174): Communications link failure
The last packet sent successfully to the server was 0 milliseconds ago. The driver has not received any packets from the server.
at sun.reflect.NativeConstructorAccessorImpl.newInstance0(Native Method): Communications link failure
The last packet sent successfully to the server was 0 milliseconds ago. The driver has not received any packets from the server.
at java.net.DualStackPlainSocketImpl.waitForConnect(Native Method): Connection refused: connect
WARN [org.springframework.boot.autoconfigure.orm.jpa.DatabaseLookup] at org.springframework.jdbc.support.JdbcUtils.extractDatabaseMetaData(JdbcUtils.java:328): Could not get Connection for extracting meta-data; nested exception is org.springframework.jdbc.CannotGetJdbcConnectionException: Failed to obtain JDBC Connection; nested exception is com.mysql.cj.jdbc.exceptions.CommunicationsException: Communications link failure
The last packet sent successfully to the server was 0 milliseconds ago. The driver has not received any packets from the server.
at org.springframework.jdbc.datasource.DataSourceUtils.getConnection(DataSourceUtils.java:81): Failed to obtain JDBC Connection; nested exception is com.mysql.cj.jdbc.exceptions.CommunicationsException: Communications link failure
The last packet sent successfully to the server was 0 milliseconds ago. The driver has not received any packets from the server.
at com.mysql.cj.jdbc.exceptions.SQLError.createCommunicationsException(SQLError.java:174): Communications link failure
The last packet sent successfully to the server was 0 milliseconds ago. The driver has not received any packets from the server.
at sun.reflect.NativeConstructorAccessorImpl.newInstance0(Native Method): Communications link failure
The last packet sent successfully to the server was 0 milliseconds ago. The driver has not received any packets from the server.
at java.net.DualStackPlainSocketImpl.waitForConnect(Native Method): Connection refused: connect
ERROR [com.zaxxer.hikari.pool.HikariPool] at com.mysql.cj.jdbc.exceptions.SQLError.createCommunicationsException(SQLError.java:174): Communications link failure
The last packet sent successfully to the server was 0 milliseconds ago. The driver has not received any packets from the server.
at sun.reflect.NativeConstructorAccessorImpl.newInstance0(Native Method): Communications link failure
The last packet sent successfully to the server was 0 milliseconds ago. The driver has not received any packets from the server.
at java.net.DualStackPlainSocketImpl.waitForConnect(Native Method): Connection refused: connect
WARN [org.hibernate.engine.jdbc.env.internal.JdbcEnvironmentInitiator] HHH000342: Could not obtain connection to query metadata : Communications link failure
The last packet sent successfully to the server was 0 milliseconds ago. The driver has not received any packets from the server.
WARN [org.springframework.boot.web.servlet.context.AnnotationConfigServletWebServerApplicationContext] Exception encountered during context initialization - cancelling refresh attempt: org.springframework.beans.factory.BeanCreationException: Error creating bean with name 'entityManagerFactory' defined in class path resource [org/springframework/boot/autoconfigure/orm/jpa/HibernateJpaConfiguration.class]: Invocation of init method failed; nested exception is org.hibernate.service.spi.ServiceException: Unable to create requested service [org.hibernate.engine.jdbc.env.spi.JdbcEnvironment]
ERROR [org.springframework.boot.SpringApplication] at org.springframework.beans.factory.support.AbstractAutowireCapableBeanFactory.initializeBean(AbstractAutowireCapableBeanFactory.java:1778): Error creating bean with name 'entityManagerFactory' defined in class path resource [org/springframework/boot/autoconfigure/orm/jpa/HibernateJpaConfiguration.class]: Invocation of init method failed; nested exception is org.hibernate.service.spi.ServiceException: Unable to create requested service [org.hibernate.engine.jdbc.env.spi.JdbcEnvironment]
at org.hibernate.service.internal.AbstractServiceRegistryImpl.createService(AbstractServiceRegistryImpl.java:275): Unable to create requested service [org.hibernate.engine.jdbc.env.spi.JdbcEnvironment]
at org.hibernate.engine.jdbc.dialect.internal.DialectFactoryImpl.determineDialect(DialectFactoryImpl.java:100): Access to DialectResolutionInfo cannot be null when 'hibernate.dialect' not set

ERROR [org.apache.catalina.core.ContainerBase.[Tomcat].[localhost].[/acme-jobs].[jsp]] at org.apache.el.parser.ELParser.generateParseException(ELParser.java:3090): Encountered " ":" ": "" at line 1, column 8.
Was expecting one of:
"}" ...
"." ...
"[" ...
";" ...
">" ...
"gt" ...
"<" ...
"lt" ...
">=" ...
"ge" ...
"<=" ...
"le" ...
"==" ...
"eq" ...
"!=" ...
"ne" ...
"&&" ...
"and" ...
"||" ...
"or" ...
"*" ...
"+" ...
"-" ...
"/" ...
"div" ...
"%" ...
"mod" ...
"+=" ...
ERROR [org.apache.catalina.core.ContainerBase.[Tomcat].[localhost].[/acme-jobs].[dispatcherServlet]] at org.apache.el.parser.ELParser.generateParseException(ELParser.java:3090): Encountered " ":" ": "" at line 1, column 8.
Was expecting one of:
"}" ...
"." ...
"[" ...
";" ...
">" ...
"gt" ...
"<" ...
"lt" ...
">=" ...
"ge" ...
"<=" ...
"le" ...
"==" ...
"eq" ...
"!=" ...
"ne" ...
"&&" ...
"and" ...
"||" ...
"or" ...
"*" ...
"+" ...
"-" ...
"/" ...
"div" ...
"%" ...
"mod" ...
"+=" ...
ERROR [org.apache.catalina.core.ContainerBase.[Tomcat].[localhost].[/acme-jobs].[jsp]] at org.apache.el.parser.ELParser.generateParseException(ELParser.java:3090): Encountered " ":" ": "" at line 1, column 8.
Was expecting one of:
"}" ...
"." ...
"[" ...
";" ...
">" ...
"gt" ...
"<" ...
"lt" ...
">=" ...
"ge" ...
"<=" ...
"le" ...
"==" ...
"eq" ...
"!=" ...
"ne" ...
"&&" ...
"and" ...
"||" ...
"or" ...
"*" ...
"+" ...
"-" ...
"/" ...
"div" ...
"%" ...
"mod" ...
"+=" ...
ERROR [org.apache.catalina.core.ContainerBase.[Tomcat].[localhost].[/acme-jobs].[dispatcherServlet]] at org.apache.el.parser.ELParser.generateParseException(ELParser.java:3090): Encountered " ":" ": "" at line 1, column 8.
Was expecting one of:
"}" ...
"." ...
"[" ...
";" ...
">" ...
"gt" ...
"<" ...
"lt" ...
">=" ...
"ge" ...
"<=" ...
"le" ...
"==" ...
"eq" ...
"!=" ...
"ne" ...
"&&" ...
"and" ...
"||" ...
"or" ...
"*" ...
"+" ...
"-" ...
"/" ...
"div" ...
"%" ...
"mod" ...
"+=" ...


ERROR [org.apache.catalina.core.ContainerBase.[Tomcat].[localhost].[/acme-jobs].[dispatcherServlet]] at acme.framework.utilities.RememberMeLogoutHandler.logout(RememberMeLogoutHandler.java:31): java.lang.AssertionError
ERROR [org.apache.jsp.META_002dINF.views.framework.panic_jsp] HTTP GET /acme-jobs/META-INF/views/framework/page.jsp HTTP/1.1
ERROR [org.apache.jsp.META_002dINF.views.framework.panic_jsp] Status: 500
ERROR [org.apache.jsp.META_002dINF.views.framework.panic_jsp] Exception: acme.framework.helpers.Assert.state(Assert.java:40): Acceso no autorizado
ERROR [org.apache.jsp.META_002dINF.views.framework.panic_jsp] HTTP GET /acme-jobs/META-INF/views/framework/page.jsp HTTP/1.1
ERROR [org.apache.jsp.META_002dINF.views.framework.panic_jsp] Status: 500
ERROR [org.apache.jsp.META_002dINF.views.framework.panic_jsp] Exception: acme.framework.helpers.Assert.state(Assert.java:40): Acceso no autorizado
ERROR [org.apache.jsp.META_002dINF.views.framework.panic_jsp] HTTP GET /acme-jobs/META-INF/views/framework/page.jsp HTTP/1.1
ERROR [org.apache.jsp.META_002dINF.views.framework.panic_jsp] Status: 500
ERROR [org.apache.jsp.META_002dINF.views.framework.panic_jsp] Exception: acme.framework.helpers.Assert.state(Assert.java:40): Acceso no autorizado
ERROR [org.apache.jsp.META_002dINF.views.framework.panic_jsp] HTTP GET /acme-jobs/META-INF/views/framework/page.jsp HTTP/1.1
ERROR [org.apache.jsp.META_002dINF.views.framework.panic_jsp] Status: 500
ERROR [org.apache.jsp.META_002dINF.views.framework.panic_jsp] Exception: acme.framework.helpers.Assert.state(Assert.java:40): Acceso no autorizado
ERROR [org.apache.catalina.core.ContainerBase.[Tomcat].[localhost].[/acme-jobs].[dispatcherServlet]] at acme.framework.utilities.RememberMeLogoutHandler.logout(RememberMeLogoutHandler.java:31): java.lang.AssertionError
ERROR [org.hibernate.hql.internal.ast.ErrorTracker] line 1:48: expecting IDENT, found 'null'
ERROR [org.hibernate.hql.internal.ast.ErrorTracker] at antlr.Parser.match(Parser.java:211): expecting IDENT, found 'null'
WARN [org.springframework.boot.web.servlet.context.AnnotationConfigServletWebServerApplicationContext] Exception encountered during context initialization - cancelling refresh attempt: org.springframework.beans.factory.UnsatisfiedDependencyException: Error creating bean with name 'employerDutyController': Unsatisfied dependency expressed through field 'showService'; nested exception is org.springframework.beans.factory.UnsatisfiedDependencyException: Error creating bean with name 'employerDutyShowService': Unsatisfied dependency expressed through field 'repository'; nested exception is org.springframework.beans.factory.BeanCreationException: Error creating bean with name 'employerDutyRepository': Invocation of init method failed; nested exception is java.lang.IllegalArgumentException: Validation failed for query for method public abstract acme.entities.jobs.Job acme.features.employer.duty.EmployerDutyRepository.findJobByDutyId()!
ERROR [org.springframework.boot.SpringApplication] at org.springframework.beans.factory.annotation.AutowiredAnnotationBeanPostProcessor$AutowiredFieldElement.inject(AutowiredAnnotationBeanPostProcessor.java:596): Error creating bean with name 'employerDutyController': Unsatisfied dependency expressed through field 'showService'; nested exception is org.springframework.beans.factory.UnsatisfiedDependencyException: Error creating bean with name 'employerDutyShowService': Unsatisfied dependency expressed through field 'repository'; nested exception is org.springframework.beans.factory.BeanCreationException: Error creating bean with name 'employerDutyRepository': Invocation of init method failed; nested exception is java.lang.IllegalArgumentException: Validation failed for query for method public abstract acme.entities.jobs.Job acme.features.employer.duty.EmployerDutyRepository.findJobByDutyId()!
at org.springframework.beans.factory.annotation.AutowiredAnnotationBeanPostProcessor$AutowiredFieldElement.inject(AutowiredAnnotationBeanPostProcessor.java:596): Error creating bean with name 'employerDutyShowService': Unsatisfied dependency expressed through field 'repository'; nested exception is org.springframework.beans.factory.BeanCreationException: Error creating bean with name 'employerDutyRepository': Invocation of init method failed; nested exception is java.lang.IllegalArgumentException: Validation failed for query for method public abstract acme.entities.jobs.Job acme.features.employer.duty.EmployerDutyRepository.findJobByDutyId()!
at org.springframework.beans.factory.support.AbstractAutowireCapableBeanFactory.initializeBean(AbstractAutowireCapableBeanFactory.java:1778): Error creating bean with name 'employerDutyRepository': Invocation of init method failed; nested exception is java.lang.IllegalArgumentException: Validation failed for query for method public abstract acme.entities.jobs.Job acme.features.employer.duty.EmployerDutyRepository.findJobByDutyId()!
at org.springframework.data.jpa.repository.query.SimpleJpaQuery.validateQuery(SimpleJpaQuery.java:93): Validation failed for query for method public abstract acme.entities.jobs.Job acme.features.employer.duty.EmployerDutyRepository.findJobByDutyId()!
at org.hibernate.internal.ExceptionConverterImpl.convert(ExceptionConverterImpl.java:138): org.hibernate.hql.internal.ast.QuerySyntaxException: expecting IDENT, found 'null' near line 1, column 48 [select a from acme.entities.jobs.Duty b join b.]
at org.hibernate.hql.internal.ast.QuerySyntaxException.convert(QuerySyntaxException.java:74): expecting IDENT, found 'null' near line 1, column 48 [select a from acme.entities.jobs.Duty b join b.]
ERROR [org.apache.catalina.core.ContainerBase.[Tomcat].[localhost].[/acme-jobs].[dispatcherServlet]] at acme.framework.utilities.RememberMeLogoutHandler.logout(RememberMeLogoutHandler.java:31): java.lang.AssertionError
ERROR [org.apache.jsp.META_002dINF.views.framework.panic_jsp] HTTP POST /acme-jobs/META-INF/views/framework/page.jsp HTTP/1.1
ERROR [org.apache.jsp.META_002dINF.views.framework.panic_jsp] Status: 500
ERROR [org.apache.jsp.META_002dINF.views.framework.panic_jsp] Exception: acme.framework.helpers.Assert.state(Assert.java:40): End-point no disponible
ERROR [org.apache.catalina.core.ContainerBase.[Tomcat].[localhost].[/acme-jobs].[dispatcherServlet]] at acme.framework.utilities.RememberMeLogoutHandler.logout(RememberMeLogoutHandler.java:31): java.lang.AssertionError
ERROR [org.apache.jsp.META_002dINF.views.framework.panic_jsp] HTTP GET /acme-jobs/META-INF/views/framework/page.jsp HTTP/1.1
ERROR [org.apache.jsp.META_002dINF.views.framework.panic_jsp] Status: 500
ERROR [org.apache.jsp.META_002dINF.views.framework.panic_jsp] Exception: acme.framework.helpers.Assert.state(Assert.java:40): Acceso no autorizado
ERROR [org.apache.jsp.META_002dINF.views.framework.panic_jsp] HTTP GET /acme-jobs/META-INF/views/framework/page.jsp HTTP/1.1
ERROR [org.apache.jsp.META_002dINF.views.framework.panic_jsp] Status: 500
ERROR [org.apache.jsp.META_002dINF.views.framework.panic_jsp] Exception: acme.framework.helpers.Assert.state(Assert.java:40): Acceso no autorizado
WARN [org.springframework.boot.web.servlet.context.AnnotationConfigServletWebServerApplicationContext] Exception encountered during context initialization - cancelling refresh attempt: org.springframework.beans.factory.UnsatisfiedDependencyException: Error creating bean with name 'employerAuditRecordController': Unsatisfied dependency expressed through field 'listService'; nested exception is org.springframework.beans.factory.UnsatisfiedDependencyException: Error creating bean with name 'employerAuditRecordListService': Unsatisfied dependency expressed through field 'repository'; nested exception is org.springframework.beans.factory.BeanCreationException: Error creating bean with name 'employerAuditRecordRepository': Invocation of init method failed; nested exception is java.lang.IllegalArgumentException: Validation failed for query for method public abstract java.util.Collection acme.features.employer.auditRecord.EmployerAuditRecordRepository.findManyByJobId(int)!
ERROR [org.springframework.boot.SpringApplication] at org.springframework.beans.factory.annotation.AutowiredAnnotationBeanPostProcessor$AutowiredFieldElement.inject(AutowiredAnnotationBeanPostProcessor.java:596): Error creating bean with name 'employerAuditRecordController': Unsatisfied dependency expressed through field 'listService'; nested exception is org.springframework.beans.factory.UnsatisfiedDependencyException: Error creating bean with name 'employerAuditRecordListService': Unsatisfied dependency expressed through field 'repository'; nested exception is org.springframework.beans.factory.BeanCreationException: Error creating bean with name 'employerAuditRecordRepository': Invocation of init method failed; nested exception is java.lang.IllegalArgumentException: Validation failed for query for method public abstract java.util.Collection acme.features.employer.auditRecord.EmployerAuditRecordRepository.findManyByJobId(int)!
at org.springframework.beans.factory.annotation.AutowiredAnnotationBeanPostProcessor$AutowiredFieldElement.inject(AutowiredAnnotationBeanPostProcessor.java:596): Error creating bean with name 'employerAuditRecordListService': Unsatisfied dependency expressed through field 'repository'; nested exception is org.springframework.beans.factory.BeanCreationException: Error creating bean with name 'employerAuditRecordRepository': Invocation of init method failed; nested exception is java.lang.IllegalArgumentException: Validation failed for query for method public abstract java.util.Collection acme.features.employer.auditRecord.EmployerAuditRecordRepository.findManyByJobId(int)!
at org.springframework.beans.factory.support.AbstractAutowireCapableBeanFactory.initializeBean(AbstractAutowireCapableBeanFactory.java:1778): Error creating bean with name 'employerAuditRecordRepository': Invocation of init method failed; nested exception is java.lang.IllegalArgumentException: Validation failed for query for method public abstract java.util.Collection acme.features.employer.auditRecord.EmployerAuditRecordRepository.findManyByJobId(int)!
at org.springframework.data.jpa.repository.query.SimpleJpaQuery.validateQuery(SimpleJpaQuery.java:93): Validation failed for query for method public abstract java.util.Collection acme.features.employer.auditRecord.EmployerAuditRecordRepository.findManyByJobId(int)!
at org.hibernate.internal.ExceptionConverterImpl.convert(ExceptionConverterImpl.java:138): org.hibernate.QueryException: could not resolve property: finalMode of: acme.entities.auditRecords.AuditRecord [select r from acme.entities.auditRecords.AuditRecord r where r.job.id = ?1 and r.finalMode = true]
at org.hibernate.QueryException.generateQueryException(QueryException.java:120): could not resolve property: finalMode of: acme.entities.auditRecords.AuditRecord [select r from acme.entities.auditRecords.AuditRecord r where r.job.id = ?1 and r.finalMode = true]
at org.hibernate.persister.entity.AbstractPropertyMapping.propertyException(AbstractPropertyMapping.java:73): could not resolve property: finalMode of: acme.entities.auditRecords.AuditRecord
ERROR [org.apache.catalina.core.ContainerBase.[Tomcat].[localhost].[/acme-jobs].[dispatcherServlet]] at acme.framework.utilities.RememberMeLogoutHandler.logout(RememberMeLogoutHandler.java:31): java.lang.AssertionError
ERROR [org.apache.catalina.util.LifecycleBase] at org.apache.catalina.connector.Connector.startInternal(Connector.java:1008): Protocol handler start failed
at sun.nio.ch.Net.bind0(Native Method): Address already in use: bind
ERROR [org.springframework.boot.diagnostics.LoggingFailureAnalysisReporter] ***************************
APPLICATION FAILED TO START
***************************
Description:
The Tomcat connector configured to listen on port 8080 failed to start. The port may already be in use or the connector may be misconfigured.
Action:
Verify the connector's configuration, identify and stop any process that's listening on port 8080, or configure this application to listen on another port.
ERROR [org.apache.catalina.core.ContainerBase.[Tomcat].[localhost].[/acme-jobs].[dispatcherServlet]] at acme.framework.utilities.RememberMeLogoutHandler.logout(RememberMeLogoutHandler.java:31): java.lang.AssertionError

ERROR [org.apache.catalina.core.ContainerBase.[Tomcat].[localhost].[/acme-jobs].[jsp]] at javax.el.BeanELResolver$BeanProperties.get(BeanELResolver.java:260): Property [picture] not found on type [com.sun.proxy.$Proxy179]
ERROR [org.apache.catalina.core.ContainerBase.[Tomcat].[localhost].[/acme-jobs].[dispatcherServlet]] at javax.el.BeanELResolver$BeanProperties.get(BeanELResolver.java:260): Property [picture] not found on type [com.sun.proxy.$Proxy179]
WARN [com.zaxxer.hikari.pool.HikariPool] {} - Thread starvation or clock leap detected (housekeeper delta={}).
ERROR [org.apache.jsp.META_002dINF.views.framework.panic_jsp] HTTP GET /acme-jobs/META-INF/views/framework/page.jsp HTTP/1.1
ERROR [org.apache.jsp.META_002dINF.views.framework.panic_jsp] Status: 500
ERROR [org.apache.jsp.META_002dINF.views.framework.panic_jsp] Exception: acme.framework.helpers.Assert.state(Assert.java:40): Acceso no autorizado
WARN [org.springframework.boot.web.servlet.context.AnnotationConfigServletWebServerApplicationContext] Exception encountered during context initialization - cancelling refresh attempt: org.springframework.beans.factory.UnsatisfiedDependencyException: Error creating bean with name 'auditorMineJobAuditController': Unsatisfied dependency expressed through field 'self'; nested exception is org.springframework.beans.factory.UnsatisfiedDependencyException: Error creating bean with name 'auditorNonMineJobAuditController': Unsatisfied dependency expressed through field 'listService'; nested exception is org.springframework.beans.factory.UnsatisfiedDependencyException: Error creating bean with name 'auditorNonMineJobAuditListService': Unsatisfied dependency expressed through field 'repository'; nested exception is org.springframework.beans.factory.BeanCreationException: Error creating bean with name 'auditorNonMineJobAuditRepository': Invocation of init method failed; nested exception is java.lang.IllegalArgumentException: Validation failed for query for method public abstract java.util.Collection acme.features.auditor.nonJobsWriteAuditor.AuditorNonMineJobAuditRepository.jobsAuditorHasNotWrittenAudit(int)!
ERROR [org.springframework.boot.SpringApplication] at org.springframework.beans.factory.annotation.AutowiredAnnotationBeanPostProcessor$AutowiredFieldElement.inject(AutowiredAnnotationBeanPostProcessor.java:596): Error creating bean with name 'auditorMineJobAuditController': Unsatisfied dependency expressed through field 'self'; nested exception is org.springframework.beans.factory.UnsatisfiedDependencyException: Error creating bean with name 'auditorNonMineJobAuditController': Unsatisfied dependency expressed through field 'listService'; nested exception is org.springframework.beans.factory.UnsatisfiedDependencyException: Error creating bean with name 'auditorNonMineJobAuditListService': Unsatisfied dependency expressed through field 'repository'; nested exception is org.springframework.beans.factory.BeanCreationException: Error creating bean with name 'auditorNonMineJobAuditRepository': Invocation of init method failed; nested exception is java.lang.IllegalArgumentException: Validation failed for query for method public abstract java.util.Collection acme.features.auditor.nonJobsWriteAuditor.AuditorNonMineJobAuditRepository.jobsAuditorHasNotWrittenAudit(int)!
at org.springframework.beans.factory.annotation.AutowiredAnnotationBeanPostProcessor$AutowiredFieldElement.inject(AutowiredAnnotationBeanPostProcessor.java:596): Error creating bean with name 'auditorNonMineJobAuditController': Unsatisfied dependency expressed through field 'listService'; nested exception is org.springframework.beans.factory.UnsatisfiedDependencyException: Error creating bean with name 'auditorNonMineJobAuditListService': Unsatisfied dependency expressed through field 'repository'; nested exception is org.springframework.beans.factory.BeanCreationException: Error creating bean with name 'auditorNonMineJobAuditRepository': Invocation of init method failed; nested exception is java.lang.IllegalArgumentException: Validation failed for query for method public abstract java.util.Collection acme.features.auditor.nonJobsWriteAuditor.AuditorNonMineJobAuditRepository.jobsAuditorHasNotWrittenAudit(int)!
at org.springframework.beans.factory.annotation.AutowiredAnnotationBeanPostProcessor$AutowiredFieldElement.inject(AutowiredAnnotationBeanPostProcessor.java:596): Error creating bean with name 'auditorNonMineJobAuditListService': Unsatisfied dependency expressed through field 'repository'; nested exception is org.springframework.beans.factory.BeanCreationException: Error creating bean with name 'auditorNonMineJobAuditRepository': Invocation of init method failed; nested exception is java.lang.IllegalArgumentException: Validation failed for query for method public abstract java.util.Collection acme.features.auditor.nonJobsWriteAuditor.AuditorNonMineJobAuditRepository.jobsAuditorHasNotWrittenAudit(int)!
at org.springframework.beans.factory.support.AbstractAutowireCapableBeanFactory.initializeBean(AbstractAutowireCapableBeanFactory.java:1778): Error creating bean with name 'auditorNonMineJobAuditRepository': Invocation of init method failed; nested exception is java.lang.IllegalArgumentException: Validation failed for query for method public abstract java.util.Collection acme.features.auditor.nonJobsWriteAuditor.AuditorNonMineJobAuditRepository.jobsAuditorHasNotWrittenAudit(int)!
at org.springframework.data.jpa.repository.query.SimpleJpaQuery.validateQuery(SimpleJpaQuery.java:93): Validation failed for query for method public abstract java.util.Collection acme.features.auditor.nonJobsWriteAuditor.AuditorNonMineJobAuditRepository.jobsAuditorHasNotWrittenAudit(int)!
at org.hibernate.internal.ExceptionConverterImpl.convert(ExceptionConverterImpl.java:138): org.hibernate.QueryException: could not resolve property: finalMode of: acme.entities.auditRecords.AuditRecord [select j from acme.entities.jobs.Job j where j.id not in(select a.job.id from acme.entities.auditRecords.AuditRecord a where a.auditor.id = ?1 and a.finalMode=true)]
at org.hibernate.QueryException.generateQueryException(QueryException.java:120): could not resolve property: finalMode of: acme.entities.auditRecords.AuditRecord [select j from acme.entities.jobs.Job j where j.id not in(select a.job.id from acme.entities.auditRecords.AuditRecord a where a.auditor.id = ?1 and a.finalMode=true)]
at org.hibernate.persister.entity.AbstractPropertyMapping.propertyException(AbstractPropertyMapping.java:73): could not resolve property: finalMode of: acme.entities.auditRecords.AuditRecord
ERROR [org.apache.catalina.core.ContainerBase.[Tomcat].[localhost].[/acme-jobs].[dispatcherServlet]] at acme.framework.utilities.RememberMeLogoutHandler.logout(RememberMeLogoutHandler.java:31): java.lang.AssertionError
ERROR [org.apache.jsp.META_002dINF.views.framework.panic_jsp] HTTP GET /acme-jobs/META-INF/views/framework/page.jsp HTTP/1.1
ERROR [org.apache.jsp.META_002dINF.views.framework.panic_jsp] Status: 500
ERROR [org.apache.jsp.META_002dINF.views.framework.panic_jsp] Exception: acme.framework.helpers.Assert.state(Assert.java:40): Access is not authorised
ERROR [org.apache.jsp.META_002dINF.views.framework.panic_jsp] HTTP GET /acme-jobs/META-INF/views/framework/page.jsp HTTP/1.1
ERROR [org.apache.jsp.META_002dINF.views.framework.panic_jsp] Status: 500
ERROR [org.apache.jsp.META_002dINF.views.framework.panic_jsp] Exception: acme.framework.helpers.Assert.state(Assert.java:40): Access is not authorised
ERROR [org.apache.jsp.META_002dINF.views.framework.panic_jsp] HTTP GET /acme-jobs/META-INF/views/framework/page.jsp HTTP/1.1
ERROR [org.apache.jsp.META_002dINF.views.framework.panic_jsp] Status: 500
ERROR [org.apache.jsp.META_002dINF.views.framework.panic_jsp] Exception: acme.framework.helpers.Assert.state(Assert.java:40): Access is not authorised
ERROR [org.apache.jsp.META_002dINF.views.framework.panic_jsp] HTTP GET /acme-jobs/META-INF/views/framework/page.jsp HTTP/1.1
ERROR [org.apache.jsp.META_002dINF.views.framework.panic_jsp] Status: 500
ERROR [org.apache.jsp.META_002dINF.views.framework.panic_jsp] Exception: acme.framework.helpers.Assert.state(Assert.java:40): Access is not authorised
ERROR [org.apache.jsp.META_002dINF.views.framework.panic_jsp] HTTP GET /acme-jobs/META-INF/views/framework/page.jsp HTTP/1.1
ERROR [org.apache.jsp.META_002dINF.views.framework.panic_jsp] Status: 500
ERROR [org.apache.jsp.META_002dINF.views.framework.panic_jsp] Exception: acme.framework.helpers.Assert.state(Assert.java:40): Access is not authorised
ERROR [org.apache.jsp.META_002dINF.views.framework.panic_jsp] HTTP GET /acme-jobs/META-INF/views/framework/page.jsp HTTP/1.1
ERROR [org.apache.jsp.META_002dINF.views.framework.panic_jsp] Status: 500
ERROR [org.apache.jsp.META_002dINF.views.framework.panic_jsp] Exception: acme.framework.helpers.Assert.state(Assert.java:40): Access is not authorised
